<?xml version="1.0" encoding="UTF-8"?>
<!-- Generated by org.testng.reporters.JUnitReportReporter -->
<testsuite hostname="denissv" failures="0" tests="1" name="tests.CalcTest" time="0.002" errors="0" timestamp="2021-12-20T21:17:34 MSK" skipped="0">
  <testcase classname="tests.CalcTest" name="testSum" time="0.002"/>
  <system-out/>
</testsuite> <!-- tests.CalcTest -->
