<?xml version="1.0" encoding="UTF-8"?>
<!-- Generated by org.testng.reporters.JUnitReportReporter -->
<testsuite hostname="denissv" failures="0" tests="2" name="CalcTest1" time="0.002" errors="0" timestamp="2021-12-22T19:11:26 MSK" skipped="0">
  <testcase classname="CalcTest1" name="testSum1" time="0.000"/>
  <system-out/>
  <testcase classname="CalcTest1" name="testSum" time="0.002"/>
  <system-out/>
</testsuite> <!-- CalcTest1 -->
